{"C:\\Users\\Marco\\Desktop\\Microverse\\Module2\\Block2\\toDoList\\src\\assets\\scripts\\constructor.js": {"path":"C:\\Users\\Marco\\Desktop\\Microverse\\Module2\\Block2\\toDoList\\src\\assets\\scripts\\constructor.js","statementMap":{"0":{"start":{"line":3,"column":4},"end":{"line":3,"column":35}},"1":{"start":{"line":4,"column":4},"end":{"line":4,"column":26}},"2":{"start":{"line":5,"column":4},"end":{"line":5,"column":27}},"3":{"start":{"line":6,"column":4},"end":{"line":6,"column":17}}},"fnMap":{"0":{"name":"(anonymous_0)","decl":{"start":{"line":2,"column":2},"end":{"line":2,"column":3}},"loc":{"start":{"line":2,"column":35},"end":{"line":7,"column":3}},"line":2}},"branchMap":{"0":{"loc":{"start":{"line":2,"column":27},"end":{"line":2,"column":33}},"type":"default-arg","locations":[{"start":{"line":2,"column":32},"end":{"line":2,"column":33}}],"line":2}},"s":{"0":2,"1":2,"2":2,"3":2},"f":{"0":2},"b":{"0":[0]},"_coverageSchema":"1a1c01bbd47fc00a2c39e90264f33305004495a9","hash":"4a81139ee28379787be3fc6331e0df4eadc53585"}
,"C:\\Users\\Marco\\Desktop\\Microverse\\Module2\\Block2\\toDoList\\src\\assets\\scripts\\methods.js": {"path":"C:\\Users\\Marco\\Desktop\\Microverse\\Module2\\Block2\\toDoList\\src\\assets\\scripts\\methods.js","statementMap":{"0":{"start":{"line":5,"column":20},"end":{"line":5,"column":49}},"1":{"start":{"line":6,"column":18},"end":{"line":6,"column":52}},"2":{"start":{"line":7,"column":4},"end":{"line":10,"column":5}},"3":{"start":{"line":8,"column":6},"end":{"line":8,"column":65}},"4":{"start":{"line":8,"column":42},"end":{"line":8,"column":61}},"5":{"start":{"line":9,"column":6},"end":{"line":9,"column":59}},"6":{"start":{"line":11,"column":4},"end":{"line":11,"column":17}},"7":{"start":{"line":15,"column":20},"end":{"line":15,"column":49}},"8":{"start":{"line":16,"column":18},"end":{"line":16,"column":52}},"9":{"start":{"line":17,"column":17},"end":{"line":17,"column":48}},"10":{"start":{"line":18,"column":4},"end":{"line":18,"column":24}},"11":{"start":{"line":19,"column":4},"end":{"line":37,"column":5}},"12":{"start":{"line":20,"column":6},"end":{"line":36,"column":9}},"13":{"start":{"line":21,"column":24},"end":{"line":21,"column":58}},"14":{"start":{"line":22,"column":31},"end":{"line":22,"column":63}},"15":{"start":{"line":23,"column":32},"end":{"line":23,"column":66}},"16":{"start":{"line":24,"column":8},"end":{"line":35,"column":10}},"17":{"start":{"line":41,"column":4},"end":{"line":41,"column":32}},"18":{"start":{"line":41,"column":22},"end":{"line":41,"column":32}},"19":{"start":{"line":42,"column":20},"end":{"line":42,"column":49}},"20":{"start":{"line":43,"column":18},"end":{"line":43,"column":52}},"21":{"start":{"line":45,"column":17},"end":{"line":45,"column":52}},"22":{"start":{"line":46,"column":4},"end":{"line":46,"column":21}},"23":{"start":{"line":47,"column":4},"end":{"line":47,"column":57}},"24":{"start":{"line":49,"column":17},"end":{"line":49,"column":48}},"25":{"start":{"line":50,"column":4},"end":{"line":61,"column":8}},"26":{"start":{"line":62,"column":4},"end":{"line":62,"column":17}},"27":{"start":{"line":66,"column":20},"end":{"line":66,"column":49}},"28":{"start":{"line":67,"column":18},"end":{"line":67,"column":52}},"29":{"start":{"line":68,"column":4},"end":{"line":68,"column":32}},"30":{"start":{"line":68,"column":22},"end":{"line":68,"column":32}},"31":{"start":{"line":69,"column":20},"end":{"line":69,"column":39}},"32":{"start":{"line":70,"column":4},"end":{"line":70,"column":57}},"33":{"start":{"line":71,"column":4},"end":{"line":71,"column":24}},"34":{"start":{"line":72,"column":4},"end":{"line":72,"column":20}},"35":{"start":{"line":73,"column":4},"end":{"line":73,"column":19}},"36":{"start":{"line":77,"column":20},"end":{"line":77,"column":49}},"37":{"start":{"line":78,"column":18},"end":{"line":78,"column":52}},"38":{"start":{"line":79,"column":4},"end":{"line":79,"column":32}},"39":{"start":{"line":79,"column":22},"end":{"line":79,"column":32}},"40":{"start":{"line":80,"column":4},"end":{"line":80,"column":45}},"41":{"start":{"line":81,"column":4},"end":{"line":81,"column":57}},"42":{"start":{"line":82,"column":4},"end":{"line":82,"column":41}}},"fnMap":{"0":{"name":"(anonymous_0)","decl":{"start":{"line":4,"column":2},"end":{"line":4,"column":3}},"loc":{"start":{"line":4,"column":22},"end":{"line":12,"column":3}},"line":4},"1":{"name":"(anonymous_1)","decl":{"start":{"line":8,"column":20},"end":{"line":8,"column":21}},"loc":{"start":{"line":8,"column":40},"end":{"line":8,"column":63}},"line":8},"2":{"name":"(anonymous_2)","decl":{"start":{"line":14,"column":2},"end":{"line":14,"column":3}},"loc":{"start":{"line":14,"column":18},"end":{"line":38,"column":3}},"line":14},"3":{"name":"(anonymous_3)","decl":{"start":{"line":20,"column":20},"end":{"line":20,"column":21}},"loc":{"start":{"line":20,"column":33},"end":{"line":36,"column":7}},"line":20},"4":{"name":"(anonymous_4)","decl":{"start":{"line":40,"column":2},"end":{"line":40,"column":3}},"loc":{"start":{"line":40,"column":26},"end":{"line":63,"column":3}},"line":40},"5":{"name":"(anonymous_5)","decl":{"start":{"line":65,"column":2},"end":{"line":65,"column":3}},"loc":{"start":{"line":65,"column":20},"end":{"line":74,"column":3}},"line":65},"6":{"name":"(anonymous_6)","decl":{"start":{"line":76,"column":2},"end":{"line":76,"column":3}},"loc":{"start":{"line":76,"column":24},"end":{"line":83,"column":3}},"line":76}},"branchMap":{"0":{"loc":{"start":{"line":6,"column":18},"end":{"line":6,"column":52}},"type":"cond-expr","locations":[{"start":{"line":6,"column":28},"end":{"line":6,"column":47}},{"start":{"line":6,"column":50},"end":{"line":6,"column":52}}],"line":6},"1":{"loc":{"start":{"line":7,"column":4},"end":{"line":10,"column":5}},"type":"if","locations":[{"start":{"line":7,"column":4},"end":{"line":10,"column":5}},{"start":{},"end":{}}],"line":7},"2":{"loc":{"start":{"line":16,"column":18},"end":{"line":16,"column":52}},"type":"cond-expr","locations":[{"start":{"line":16,"column":28},"end":{"line":16,"column":47}},{"start":{"line":16,"column":50},"end":{"line":16,"column":52}}],"line":16},"3":{"loc":{"start":{"line":19,"column":4},"end":{"line":37,"column":5}},"type":"if","locations":[{"start":{"line":19,"column":4},"end":{"line":37,"column":5}},{"start":{},"end":{}}],"line":19},"4":{"loc":{"start":{"line":21,"column":24},"end":{"line":21,"column":58}},"type":"cond-expr","locations":[{"start":{"line":21,"column":44},"end":{"line":21,"column":53}},{"start":{"line":21,"column":56},"end":{"line":21,"column":58}}],"line":21},"5":{"loc":{"start":{"line":22,"column":31},"end":{"line":22,"column":63}},"type":"cond-expr","locations":[{"start":{"line":22,"column":50},"end":{"line":22,"column":58}},{"start":{"line":22,"column":61},"end":{"line":22,"column":63}}],"line":22},"6":{"loc":{"start":{"line":23,"column":32},"end":{"line":23,"column":66}},"type":"cond-expr","locations":[{"start":{"line":23,"column":51},"end":{"line":23,"column":53}},{"start":{"line":23,"column":56},"end":{"line":23,"column":66}}],"line":23},"7":{"loc":{"start":{"line":41,"column":4},"end":{"line":41,"column":32}},"type":"if","locations":[{"start":{"line":41,"column":4},"end":{"line":41,"column":32}},{"start":{},"end":{}}],"line":41},"8":{"loc":{"start":{"line":43,"column":18},"end":{"line":43,"column":52}},"type":"cond-expr","locations":[{"start":{"line":43,"column":28},"end":{"line":43,"column":47}},{"start":{"line":43,"column":50},"end":{"line":43,"column":52}}],"line":43},"9":{"loc":{"start":{"line":67,"column":18},"end":{"line":67,"column":52}},"type":"cond-expr","locations":[{"start":{"line":67,"column":28},"end":{"line":67,"column":47}},{"start":{"line":67,"column":50},"end":{"line":67,"column":52}}],"line":67},"10":{"loc":{"start":{"line":68,"column":4},"end":{"line":68,"column":32}},"type":"if","locations":[{"start":{"line":68,"column":4},"end":{"line":68,"column":32}},{"start":{},"end":{}}],"line":68},"11":{"loc":{"start":{"line":78,"column":18},"end":{"line":78,"column":52}},"type":"cond-expr","locations":[{"start":{"line":78,"column":28},"end":{"line":78,"column":47}},{"start":{"line":78,"column":50},"end":{"line":78,"column":52}}],"line":78},"12":{"loc":{"start":{"line":79,"column":4},"end":{"line":79,"column":32}},"type":"if","locations":[{"start":{"line":79,"column":4},"end":{"line":79,"column":32}},{"start":{},"end":{}}],"line":79}},"s":{"0":0,"1":0,"2":0,"3":0,"4":0,"5":0,"6":0,"7":0,"8":0,"9":0,"10":0,"11":0,"12":0,"13":0,"14":0,"15":0,"16":0,"17":3,"18":1,"19":2,"20":2,"21":2,"22":2,"23":2,"24":2,"25":2,"26":2,"27":0,"28":0,"29":0,"30":0,"31":0,"32":0,"33":0,"34":0,"35":0,"36":0,"37":0,"38":0,"39":0,"40":0,"41":0,"42":0},"f":{"0":0,"1":0,"2":0,"3":0,"4":3,"5":0,"6":0},"b":{"0":[0,0],"1":[0,0],"2":[0,0],"3":[0,0],"4":[0,0],"5":[0,0],"6":[0,0],"7":[1,2],"8":[1,1],"9":[0,0],"10":[0,0],"11":[0,0],"12":[0,0]},"_coverageSchema":"1a1c01bbd47fc00a2c39e90264f33305004495a9","hash":"cc2128f92506339e7654be2a7ce859c02554a4dc"}
}
