TN:
SF:src\assets\scripts\constructor.js
FN:2,(anonymous_0)
FNF:1
FNH:1
FNDA:2,(anonymous_0)
DA:3,2
DA:4,2
DA:5,2
DA:6,2
LF:4
LH:4
BRDA:2,0,0,0
BRF:1
BRH:0
end_of_record
TN:
SF:src\assets\scripts\methods.js
FN:4,(anonymous_0)
FN:8,(anonymous_1)
FN:14,(anonymous_2)
FN:20,(anonymous_3)
FN:40,(anonymous_4)
FN:65,(anonymous_5)
FN:76,(anonymous_6)
FNF:7
FNH:6
FNDA:1,(anonymous_0)
FNDA:1,(anonymous_1)
FNDA:1,(anonymous_2)
FNDA:1,(anonymous_3)
FNDA:3,(anonymous_4)
FNDA:1,(anonymous_5)
FNDA:0,(anonymous_6)
DA:5,1
DA:6,1
DA:7,1
DA:8,1
DA:9,1
DA:11,1
DA:15,1
DA:16,1
DA:17,1
DA:18,1
DA:19,1
DA:20,1
DA:21,1
DA:22,1
DA:23,1
DA:24,1
DA:41,3
DA:42,2
DA:43,2
DA:45,2
DA:46,2
DA:47,2
DA:49,2
DA:50,2
DA:62,2
DA:66,1
DA:67,1
DA:68,1
DA:69,1
DA:70,1
DA:71,1
DA:72,1
DA:73,1
DA:77,0
DA:78,0
DA:79,0
DA:80,0
DA:81,0
DA:82,0
LF:39
LH:33
BRDA:6,0,0,1
BRDA:6,0,1,0
BRDA:7,1,0,1
BRDA:7,1,1,0
BRDA:16,2,0,1
BRDA:16,2,1,0
BRDA:19,3,0,1
BRDA:19,3,1,0
BRDA:21,4,0,0
BRDA:21,4,1,1
BRDA:22,5,0,0
BRDA:22,5,1,1
BRDA:23,6,0,0
BRDA:23,6,1,1
BRDA:41,7,0,1
BRDA:41,7,1,2
BRDA:43,8,0,1
BRDA:43,8,1,1
BRDA:67,9,0,1
BRDA:67,9,1,0
BRDA:68,10,0,0
BRDA:68,10,1,1
BRDA:78,11,0,0
BRDA:78,11,1,0
BRDA:79,12,0,0
BRDA:79,12,1,0
BRF:26
BRH:13
end_of_record
